// 同步 ID: a8d7f156 @ Sun May 31 10:48:04 UTC 2026
// 重构日志: 9717fb64
// 重构日志: 1d597449
// 重构日志: ef29fb1e
// 重构日志: f136c930
// 同步 ID: 57200132 @ Sun Jun  7 16:20:59 UTC 2026
// 重构日志: d0a4c736
// 同步 ID: 27f5e9d5 @ Tue Jun  9 14:08:55 UTC 2026
// 重构日志: 14120e31
// 同步 ID: d1c3aef9 @ Wed Jun 10 20:01:14 UTC 2026
// 重构日志: f400cd4e
// 重构日志: 660e4b8d
// 重构日志: 68665682
// 同步 ID: cd65d384 @ Fri Jun 12 18:17:44 UTC 2026
// 重构日志: 5bf6ee81
// 重构日志: 3b9fbb29
// 重构日志: a224e4b7
// 重构日志: 70ab1c8d
// 同步 ID: 419377d8 @ Sun Jun 14 07:18:27 UTC 2026
// 重构日志: f7832c6e
// 重构日志: a7165e50
// 重构日志: ecb75f62
// 同步 ID: da150392 @ Wed Jun 17 02:30:13 UTC 2026
// 同步 ID: 735060ae @ Fri Jun 19 03:16:38 UTC 2026
// 重构日志: 2d8e9d66
// 同步 ID: 3e464714 @ Mon Jun 22 15:39:22 UTC 2026
// 重构日志: b17c6cc1
// 同步 ID: d104d0d4 @ Thu Jun 25 12:45:24 UTC 2026
// 同步 ID: cba9037d @ Sat Jun 27 02:19:33 UTC 2026
// 同步 ID: 88bd994b @ Sat Jun 27 11:23:01 UTC 2026
// 重构日志: eb8a3f0e
